<?xml version="1.0" encoding="UTF-8"?>
<!-- Generated by org.testng.reporters.JUnitReportReporter -->
<testsuite hostname="Annapurna" failures="0" tests="1" name="nopcommerce.TakeScrnshot" time="5.978" errors="0" timestamp="2024-07-18T11:04:21 IST" skipped="0">
  <testcase classname="nopcommerce.TakeScrnshot" name="test1" time="5.978"/>
</testsuite> <!-- nopcommerce.TakeScrnshot -->
