<?xml version="1.0" encoding="UTF-8"?>
<!-- Generated by org.testng.reporters.JUnitReportReporter -->
<testsuite hostname="Annapurna" failures="0" tests="1" name="nopcommerce.SetUp" time="1.505" errors="0" timestamp="2024-07-19T08:08:15 IST" skipped="0">
  <testcase classname="nopcommerce.SetUp" name="f" time="1.505"/>
</testsuite> <!-- nopcommerce.SetUp -->
