<?xml version="1.0" encoding="UTF-8"?>
<!-- Generated by org.testng.reporters.JUnitReportReporter -->
<testsuite hostname="Annapurna" failures="0" tests="1" name="nopcommerce.MyListener" time="1.482" errors="0" timestamp="2024-07-19T07:46:50 IST" skipped="0">
  <testcase classname="nopcommerce.MyListener" name="f" time="1.482"/>
</testsuite> <!-- nopcommerce.MyListener -->
